<?xml version="1.0" encoding="UTF-8"?>
<!-- Generated by org.testng.reporters.JUnitReportReporter -->
<testsuite hostname="DESKTOP-833CCQT" name="testNgtest.Testvalidation" tests="1" failures="0" timestamp="13 Sep 2019 16:24:23 GMT" time="5.837" errors="0">
  <testcase name="ValidUserIsAbleToAddCatagory" time="5.837" classname="testNgtest.Testvalidation"/>
</testsuite> <!-- testNgtest.Testvalidation -->
